<?xml version="1.0" encoding="UTF-8"?>
<!-- Generated by org.testng.reporters.JUnitReportReporter -->
<testsuite hostname="Fatihs-Air" name="e2e.runners.ECSDigitalRunner" tests="1" failures="0" timestamp="15 May 2019 11:24:13 GMT" time="11.897" errors="0">
  <testcase name="runCukes" time="11.897" classname="e2e.runners.ECSDigitalRunner"/>
</testsuite> <!-- e2e.runners.ECSDigitalRunner -->
